[ERROR][2026-07-13 07:02:54] /usr/share/nvim/runtime/lua/vim/net/_transport.lua:35	"transport"	"clangd"	"stderr"	"I[07:02:54.881] clangd version 22.1.6 (https://github.com/llvm/llvm-project fc4aad7b5db3fff421df9a9637605b9ca5667881)\nI[07:02:54.881] Features: linux+grpc\nI[07:02:54.881] PID: 125832\nI[07:02:54.881] Working directory: /usr/local/src/C-Menu/src\nI[07:02:54.881] argv[0]: clangd\nI[07:02:54.881] Starting LSP over stdin/stdout\nI[07:02:54.883] <-- initialize(1)\nE[07:02:54.883] offsetEncoding capability is a deprecated clangd extension that'll go away with clangd 23. Migrate to standard positionEncodings capability introduced by LSP 3.17\nI[07:02:54.884] --> reply:initialize(1) 0 ms\n"
[ERROR][2026-07-13 07:02:55] /usr/share/nvim/runtime/lua/vim/net/_transport.lua:35	"transport"	"clangd"	"stderr"	"I[07:02:55.178] <-- initialized\n"
[ERROR][2026-07-13 07:02:55] /usr/share/nvim/runtime/lua/vim/net/_transport.lua:35	"transport"	"clangd"	"stderr"	"I[07:02:55.181] <-- textDocument/didOpen\n"
[ERROR][2026-07-13 07:02:55] /usr/share/nvim/runtime/lua/vim/net/_transport.lua:35	"transport"	"clangd"	"stderr"	"I[07:02:55.181] Loading config file at /usr/local/src/C-Menu/src/.clangd\nE[07:02:55.181] config error at /usr/local/src/C-Menu/src/.clangd:3:4: Unexpected token. Expected Key or Block End\nI[07:02:55.181] --> textDocument/publishDiagnostics\nI[07:02:55.182] Loaded compilation database from /usr/local/src/C-Menu/src/compile_commands.json\nI[07:02:55.182] ASTWorker building file /usr/local/src/C-Menu/src/view_engine.c version 0 with command \n[/usr/local/src/C-Menu/src]\n/usr/bin/cc -I/usr/local/src/C-Menu/src/include -Wall -Wextra -O3 -DNDEBUG -o CMakeFiles/CMenu.dir/view_engine.c.o -c -resource-dir=/home/bill/.local/share/nvim/mason/packages/clangd/clangd_22.1.6/lib/clang/22 -- /usr/local/src/C-Menu/src/view_engine.c\nI[07:02:55.182] --> window/workDoneProgress/create(0)\nI[07:02:55.182] Enqueueing 30 commands for indexing\nI[07:02:55.184] Loading config file at /home/bill/.clangd\n"
[ERROR][2026-07-13 07:02:55] /usr/share/nvim/runtime/lua/vim/net/_transport.lua:35	"transport"	"clangd"	"stderr"	"I[07:02:55.184] --> textDocument/publishDiagnostics\n"
[ERROR][2026-07-13 07:02:55] /usr/share/nvim/runtime/lua/vim/net/_transport.lua:35	"transport"	"clangd"	"stderr"	"I[07:02:55.240] <-- textDocument/documentSymbol(2)\n"
[ERROR][2026-07-13 07:02:55] /usr/share/nvim/runtime/lua/vim/net/_transport.lua:35	"transport"	"clangd"	"stderr"	"I[07:02:55.255] <-- textDocument/inlayHint(3)\n"
[ERROR][2026-07-13 07:02:55] /usr/share/nvim/runtime/lua/vim/net/_transport.lua:35	"transport"	"clangd"	"stderr"	"I[07:02:55.255] <-- textDocument/semanticTokens/full(4)\n"
[ERROR][2026-07-13 07:02:55] /usr/share/nvim/runtime/lua/vim/net/_transport.lua:35	"transport"	"clangd"	"stderr"	"I[07:02:55.274] <-- reply(0)\nI[07:02:55.274] --> $/progress\n"
[ERROR][2026-07-13 07:02:55] /usr/share/nvim/runtime/lua/vim/net/_transport.lua:35	"transport"	"clangd"	"stderr"	"I[07:02:55.274] --> $/progress\n"
[ERROR][2026-07-13 07:02:55] /usr/share/nvim/runtime/lua/vim/net/_transport.lua:35	"transport"	"clangd"	"stderr"	"I[07:02:55.301] Built preamble of size 1501536 for file /usr/local/src/C-Menu/src/view_engine.c version 0 in 0.12 seconds\nI[07:02:55.302] Indexing c17 standard library in the context of /usr/local/src/C-Menu/src/view_engine.c\nI[07:02:55.302] --> workspace/semanticTokens/refresh(1)\n"
[ERROR][2026-07-13 07:02:55] /usr/share/nvim/runtime/lua/vim/net/_transport.lua:35	"transport"	"clangd"	"stderr"	"I[07:02:55.341] <-- textDocument/foldingRange(5)\nI[07:02:55.370] --> reply:textDocument/foldingRange(5) 29 ms\nI[07:02:55.375] --> textDocument/publishDiagnostics\nI[07:02:55.376] <-- $/cancelRequest\nI[07:02:55.376] <-- reply(1)\nI[07:02:55.384] --> reply:textDocument/documentSymbol(2) 143 ms\nI[07:02:55.387] --> reply:textDocument/inlayHint(3) 132 ms\nI[07:02:55.400] Indexed c17 standard library: 2992 symbols, 12 filtered\n"
[ERROR][2026-07-13 07:02:55] /usr/share/nvim/runtime/lua/vim/net/_transport.lua:35	"transport"	"clangd"	"stderr"	"I[07:02:55.425] --> reply:textDocument/semanticTokens/full(4) 169 ms, error: Task was cancelled.\n"
[ERROR][2026-07-13 07:02:55] /usr/share/nvim/runtime/lua/vim/net/_transport.lua:35	"transport"	"clangd"	"stderr"	"I[07:02:55.564] <-- textDocument/semanticTokens/full(6)\nI[07:02:55.569] --> reply:textDocument/semanticTokens/full(6) 5 ms\n"
[ERROR][2026-07-13 07:02:57] /usr/share/nvim/runtime/lua/vim/net/_transport.lua:35	"transport"	"clangd"	"stderr"	"I[07:02:57.005] <-- textDocument/documentSymbol(7)\n"
[ERROR][2026-07-13 07:02:57] /usr/share/nvim/runtime/lua/vim/net/_transport.lua:35	"transport"	"clangd"	"stderr"	"I[07:02:57.007] --> reply:textDocument/documentSymbol(7) 1 ms\n"
[WARN][2026-07-13 07:02:57] /usr/share/nvim/runtime/lua/vim/lsp/handlers.lua:607	"[default] Policy watcher not available - continuing without policy watching: Unsupported platform"
[ERROR][2026-07-13 07:07:16] /usr/share/nvim/runtime/lua/vim/net/_transport.lua:35	"transport"	"clangd"	"stderr"	"I[07:07:16.518] <-- textDocument/documentHighlight(8)\n"
[ERROR][2026-07-13 07:07:16] /usr/share/nvim/runtime/lua/vim/net/_transport.lua:35	"transport"	"clangd"	"stderr"	"I[07:07:16.518] --> reply:textDocument/documentHighlight(8) 0 ms\n"
[ERROR][2026-07-13 07:07:18] /usr/share/nvim/runtime/lua/vim/net/_transport.lua:35	"transport"	"clangd"	"stderr"	"I[07:07:18.328] <-- textDocument/documentHighlight(9)\n"
[ERROR][2026-07-13 07:07:18] /usr/share/nvim/runtime/lua/vim/net/_transport.lua:35	"transport"	"clangd"	"stderr"	"I[07:07:18.329] --> reply:textDocument/documentHighlight(9) 0 ms\n"
[ERROR][2026-07-13 07:07:19] /usr/share/nvim/runtime/lua/vim/net/_transport.lua:35	"transport"	"clangd"	"stderr"	"I[07:07:19.304] <-- shutdown(10)\nI[07:07:19.304] --> reply:shutdown(10) 0 ms\n"
[ERROR][2026-07-13 07:07:19] /usr/share/nvim/runtime/lua/vim/net/_transport.lua:35	"transport"	"clangd"	"stderr"	"I[07:07:19.321] <-- exit\nI[07:07:19.321] LSP finished, exiting with status 0\n"
[START][2026-07-13 07:08:32] LSP logging initiated
[ERROR][2026-07-13 07:08:32] /usr/share/nvim/runtime/lua/vim/net/_transport.lua:35	"transport"	"clangd"	"stderr"	"I[07:08:32.793] clangd version 22.1.6 (https://github.com/llvm/llvm-project fc4aad7b5db3fff421df9a9637605b9ca5667881)\nI[07:08:32.794] Features: linux+grpc\nI[07:08:32.794] PID: 126187\nI[07:08:32.794] Working directory: /usr/local/src/C-Menu/src\nI[07:08:32.794] argv[0]: clangd\nI[07:08:32.794] Starting LSP over stdin/stdout\nI[07:08:32.796] <-- initialize(1)\nE[07:08:32.796] offsetEncoding capability is a deprecated clangd extension that'll go away with clangd 23. Migrate to standard positionEncodings capability introduced by LSP 3.17\nI[07:08:32.796] --> reply:initialize(1) 0 ms\n"
[ERROR][2026-07-13 07:08:33] /usr/share/nvim/runtime/lua/vim/net/_transport.lua:35	"transport"	"clangd"	"stderr"	"I[07:08:33.084] <-- initialized\n"
[ERROR][2026-07-13 07:08:33] /usr/share/nvim/runtime/lua/vim/net/_transport.lua:35	"transport"	"clangd"	"stderr"	"I[07:08:33.086] <-- textDocument/didOpen\n"
[ERROR][2026-07-13 07:08:33] /usr/share/nvim/runtime/lua/vim/net/_transport.lua:35	"transport"	"clangd"	"stderr"	"I[07:08:33.087] Loading config file at /usr/local/src/C-Menu/src/.clangd\nE[07:08:33.087] config error at /usr/local/src/C-Menu/src/.clangd:3:4: Unexpected token. Expected Key or Block End\nI[07:08:33.087] --> textDocument/publishDiagnostics\nI[07:08:33.087] Loaded compilation database from /usr/local/src/C-Menu/src/compile_commands.json\nI[07:08:33.088] ASTWorker building file /usr/local/src/C-Menu/src/view_engine.c version 0 with command \n[/usr/local/src/C-Menu/src]\n/usr/bin/cc -I/usr/local/src/C-Menu/src/include -Wall -Wextra -O3 -DNDEBUG -o CMakeFiles/CMenu.dir/view_engine.c.o -c -resource-dir=/home/bill/.local/share/nvim/mason/packages/clangd/clangd_22.1.6/lib/clang/22 -- /usr/local/src/C-Menu/src/view_engine.c\nI[07:08:33.088] --> window/workDoneProgress/create(0)\nI[07:08:33.088] Enqueueing 30 commands for indexing\nI[07:08:33.089] Loading config file at /home/bill/.clangd\nI[07:08:33.090] --> textDocument/publishDiagnostics\n"
[ERROR][2026-07-13 07:08:33] /usr/share/nvim/runtime/lua/vim/net/_transport.lua:35	"transport"	"clangd"	"stderr"	"I[07:08:33.145] <-- textDocument/documentSymbol(2)\n"
[ERROR][2026-07-13 07:08:33] /usr/share/nvim/runtime/lua/vim/net/_transport.lua:35	"transport"	"clangd"	"stderr"	"I[07:08:33.161] <-- textDocument/inlayHint(3)\n"
[ERROR][2026-07-13 07:08:33] /usr/share/nvim/runtime/lua/vim/net/_transport.lua:35	"transport"	"clangd"	"stderr"	"I[07:08:33.161] <-- textDocument/semanticTokens/full(4)\n"
[ERROR][2026-07-13 07:08:33] /usr/share/nvim/runtime/lua/vim/net/_transport.lua:35	"transport"	"clangd"	"stderr"	"I[07:08:33.180] <-- reply(0)\nI[07:08:33.180] --> $/progress\n"
[ERROR][2026-07-13 07:08:33] /usr/share/nvim/runtime/lua/vim/net/_transport.lua:35	"transport"	"clangd"	"stderr"	"I[07:08:33.180] --> $/progress\n"
[ERROR][2026-07-13 07:08:33] /usr/share/nvim/runtime/lua/vim/net/_transport.lua:35	"transport"	"clangd"	"stderr"	"I[07:08:33.207] Built preamble of size 1501536 for file /usr/local/src/C-Menu/src/view_engine.c version 0 in 0.12 seconds\nI[07:08:33.208] Indexing c17 standard library in the context of /usr/local/src/C-Menu/src/view_engine.c\nI[07:08:33.208] --> workspace/semanticTokens/refresh(1)\n"
[ERROR][2026-07-13 07:08:33] /usr/share/nvim/runtime/lua/vim/net/_transport.lua:35	"transport"	"clangd"	"stderr"	"I[07:08:33.245] <-- textDocument/foldingRange(5)\nI[07:08:33.274] --> reply:textDocument/foldingRange(5) 28 ms\nI[07:08:33.281] --> textDocument/publishDiagnostics\nI[07:08:33.290] --> reply:textDocument/documentSymbol(2) 145 ms\nI[07:08:33.293] <-- $/cancelRequest\nI[07:08:33.293] <-- reply(1)\nI[07:08:33.293] --> reply:textDocument/inlayHint(3) 132 ms\nI[07:08:33.306] Indexed c17 standard library: 2992 symbols, 12 filtered\n"
[ERROR][2026-07-13 07:08:33] /usr/share/nvim/runtime/lua/vim/net/_transport.lua:35	"transport"	"clangd"	"stderr"	"I[07:08:33.320] --> reply:textDocument/semanticTokens/full(4) 158 ms, error: Task was cancelled.\n"
[ERROR][2026-07-13 07:08:33] /usr/share/nvim/runtime/lua/vim/net/_transport.lua:35	"transport"	"clangd"	"stderr"	"I[07:08:33.464] <-- textDocument/semanticTokens/full(6)\nI[07:08:33.470] --> reply:textDocument/semanticTokens/full(6) 5 ms\n"
[ERROR][2026-07-13 07:08:34] /usr/share/nvim/runtime/lua/vim/net/_transport.lua:35	"transport"	"clangd"	"stderr"	"I[07:08:34.911] <-- textDocument/documentSymbol(7)\n"
[ERROR][2026-07-13 07:08:34] /usr/share/nvim/runtime/lua/vim/net/_transport.lua:35	"transport"	"clangd"	"stderr"	"I[07:08:34.913] --> reply:textDocument/documentSymbol(7) 2 ms\n"
[WARN][2026-07-13 07:08:35] /usr/share/nvim/runtime/lua/vim/lsp/handlers.lua:607	"[default] Policy watcher not available - continuing without policy watching: Unsupported platform"
[ERROR][2026-07-13 07:08:38] /usr/share/nvim/runtime/lua/vim/net/_transport.lua:35	"transport"	"clangd"	"stderr"	"I[07:08:38.150] <-- textDocument/documentHighlight(8)\n"
[ERROR][2026-07-13 07:08:38] /usr/share/nvim/runtime/lua/vim/net/_transport.lua:35	"transport"	"clangd"	"stderr"	"I[07:08:38.150] --> reply:textDocument/documentHighlight(8) 0 ms\n"
[ERROR][2026-07-13 07:08:38] /usr/share/nvim/runtime/lua/vim/net/_transport.lua:35	"transport"	"clangd"	"stderr"	"I[07:08:38.933] <-- textDocument/documentHighlight(9)\n"
[ERROR][2026-07-13 07:08:38] /usr/share/nvim/runtime/lua/vim/net/_transport.lua:35	"transport"	"clangd"	"stderr"	"I[07:08:38.933] --> reply:textDocument/documentHighlight(9) 0 ms\n"
[ERROR][2026-07-13 07:08:42] /usr/share/nvim/runtime/lua/vim/net/_transport.lua:35	"transport"	"clangd"	"stderr"	"I[07:08:42.651] <-- textDocument/documentHighlight(10)\n"
[ERROR][2026-07-13 07:08:42] /usr/share/nvim/runtime/lua/vim/net/_transport.lua:35	"transport"	"clangd"	"stderr"	"I[07:08:42.651] --> reply:textDocument/documentHighlight(10) 0 ms\n"
[ERROR][2026-07-13 07:08:46] /usr/share/nvim/runtime/lua/vim/net/_transport.lua:35	"transport"	"clangd"	"stderr"	"I[07:08:46.588] <-- textDocument/documentHighlight(11)\n"
[ERROR][2026-07-13 07:08:46] /usr/share/nvim/runtime/lua/vim/net/_transport.lua:35	"transport"	"clangd"	"stderr"	"I[07:08:46.589] --> reply:textDocument/documentHighlight(11) 0 ms\n"
[ERROR][2026-07-13 07:08:46] /usr/share/nvim/runtime/lua/vim/net/_transport.lua:35	"transport"	"clangd"	"stderr"	"I[07:08:46.924] <-- textDocument/documentHighlight(12)\n"
[ERROR][2026-07-13 07:08:46] /usr/share/nvim/runtime/lua/vim/net/_transport.lua:35	"transport"	"clangd"	"stderr"	"I[07:08:46.928] --> reply:textDocument/documentHighlight(12) 3 ms\n"
[ERROR][2026-07-13 07:08:47] /usr/share/nvim/runtime/lua/vim/net/_transport.lua:35	"transport"	"clangd"	"stderr"	"I[07:08:47.164] <-- textDocument/documentHighlight(13)\nI[07:08:47.165] --> reply:textDocument/documentHighlight(13) 0 ms\n"
[ERROR][2026-07-13 07:08:47] /usr/share/nvim/runtime/lua/vim/net/_transport.lua:35	"transport"	"clangd"	"stderr"	"I[07:08:47.805] <-- textDocument/documentHighlight(14)\n"
[ERROR][2026-07-13 07:08:47] /usr/share/nvim/runtime/lua/vim/net/_transport.lua:35	"transport"	"clangd"	"stderr"	"I[07:08:47.805] --> reply:textDocument/documentHighlight(14) 0 ms\n"
[ERROR][2026-07-13 07:08:50] /usr/share/nvim/runtime/lua/vim/net/_transport.lua:35	"transport"	"clangd"	"stderr"	"I[07:08:50.402] <-- textDocument/documentHighlight(15)\n"
[ERROR][2026-07-13 07:08:50] /usr/share/nvim/runtime/lua/vim/net/_transport.lua:35	"transport"	"clangd"	"stderr"	"I[07:08:50.402] --> reply:textDocument/documentHighlight(15) 0 ms\n"
[ERROR][2026-07-13 07:08:52] /usr/share/nvim/runtime/lua/vim/net/_transport.lua:35	"transport"	"clangd"	"stderr"	"I[07:08:52.012] <-- textDocument/documentHighlight(16)\n"
[ERROR][2026-07-13 07:08:52] /usr/share/nvim/runtime/lua/vim/net/_transport.lua:35	"transport"	"clangd"	"stderr"	"I[07:08:52.013] --> reply:textDocument/documentHighlight(16) 0 ms\n"
[ERROR][2026-07-13 07:08:56] /usr/share/nvim/runtime/lua/vim/net/_transport.lua:35	"transport"	"clangd"	"stderr"	"I[07:08:56.766] <-- textDocument/documentHighlight(17)\n"
[ERROR][2026-07-13 07:08:56] /usr/share/nvim/runtime/lua/vim/net/_transport.lua:35	"transport"	"clangd"	"stderr"	"I[07:08:56.767] --> reply:textDocument/documentHighlight(17) 0 ms\n"
[ERROR][2026-07-13 07:08:58] /usr/share/nvim/runtime/lua/vim/net/_transport.lua:35	"transport"	"clangd"	"stderr"	"I[07:08:58.564] <-- textDocument/documentHighlight(18)\n"
[ERROR][2026-07-13 07:08:58] /usr/share/nvim/runtime/lua/vim/net/_transport.lua:35	"transport"	"clangd"	"stderr"	"I[07:08:58.564] --> reply:textDocument/documentHighlight(18) 0 ms\n"
[ERROR][2026-07-13 07:08:59] /usr/share/nvim/runtime/lua/vim/net/_transport.lua:35	"transport"	"clangd"	"stderr"	"I[07:08:59.500] <-- textDocument/documentHighlight(19)\n"
[ERROR][2026-07-13 07:08:59] /usr/share/nvim/runtime/lua/vim/net/_transport.lua:35	"transport"	"clangd"	"stderr"	"I[07:08:59.501] --> reply:textDocument/documentHighlight(19) 0 ms\n"
[ERROR][2026-07-13 07:09:02] /usr/share/nvim/runtime/lua/vim/net/_transport.lua:35	"transport"	"clangd"	"stderr"	"I[07:09:02.220] <-- textDocument/documentHighlight(20)\n"
[ERROR][2026-07-13 07:09:02] /usr/share/nvim/runtime/lua/vim/net/_transport.lua:35	"transport"	"clangd"	"stderr"	"I[07:09:02.223] --> reply:textDocument/documentHighlight(20) 3 ms\n"
[ERROR][2026-07-13 07:09:12] /usr/share/nvim/runtime/lua/vim/net/_transport.lua:35	"transport"	"clangd"	"stderr"	"I[07:09:12.414] <-- textDocument/documentHighlight(21)\n"
[ERROR][2026-07-13 07:09:12] /usr/share/nvim/runtime/lua/vim/net/_transport.lua:35	"transport"	"clangd"	"stderr"	"I[07:09:12.414] --> reply:textDocument/documentHighlight(21) 0 ms\n"
[ERROR][2026-07-13 07:09:14] /usr/share/nvim/runtime/lua/vim/net/_transport.lua:35	"transport"	"clangd"	"stderr"	"I[07:09:14.220] <-- textDocument/documentHighlight(22)\n"
[ERROR][2026-07-13 07:09:14] /usr/share/nvim/runtime/lua/vim/net/_transport.lua:35	"transport"	"clangd"	"stderr"	"I[07:09:14.221] --> reply:textDocument/documentHighlight(22) 0 ms\n"
[START][2026-07-13 07:11:41] LSP logging initiated
[START][2026-07-13 07:14:49] LSP logging initiated
[ERROR][2026-07-13 07:16:18] /usr/share/nvim/runtime/lua/vim/net/_transport.lua:35	"transport"	"clangd"	"stderr"	"I[07:16:18.305] <-- textDocument/documentHighlight(23)\n"
[ERROR][2026-07-13 07:16:18] /usr/share/nvim/runtime/lua/vim/net/_transport.lua:35	"transport"	"clangd"	"stderr"	"I[07:16:18.309] --> reply:textDocument/documentHighlight(23) 4 ms\n"
[ERROR][2026-07-13 07:16:19] /usr/share/nvim/runtime/lua/vim/net/_transport.lua:35	"transport"	"clangd"	"stderr"	"I[07:16:19.628] <-- textDocument/documentHighlight(24)\nI[07:16:19.629] --> reply:textDocument/documentHighlight(24) 0 ms\n"
[ERROR][2026-07-13 07:16:20] /usr/share/nvim/runtime/lua/vim/net/_transport.lua:35	"transport"	"clangd"	"stderr"	"I[07:16:20.596] <-- textDocument/documentHighlight(25)\n"
[ERROR][2026-07-13 07:16:20] /usr/share/nvim/runtime/lua/vim/net/_transport.lua:35	"transport"	"clangd"	"stderr"	"I[07:16:20.599] --> reply:textDocument/documentHighlight(25) 3 ms\n"
[ERROR][2026-07-13 07:16:21] /usr/share/nvim/runtime/lua/vim/net/_transport.lua:35	"transport"	"clangd"	"stderr"	"I[07:16:21.700] <-- textDocument/documentHighlight(26)\n"
[ERROR][2026-07-13 07:16:21] /usr/share/nvim/runtime/lua/vim/net/_transport.lua:35	"transport"	"clangd"	"stderr"	"I[07:16:21.704] --> reply:textDocument/documentHighlight(26) 3 ms\n"
[ERROR][2026-07-13 07:16:33] /usr/share/nvim/runtime/lua/vim/net/_transport.lua:35	"transport"	"clangd"	"stderr"	"I[07:16:33.851] <-- textDocument/documentHighlight(27)\n"
[ERROR][2026-07-13 07:16:33] /usr/share/nvim/runtime/lua/vim/net/_transport.lua:35	"transport"	"clangd"	"stderr"	"I[07:16:33.854] --> reply:textDocument/documentHighlight(27) 3 ms\n"
[START][2026-07-13 07:16:58] LSP logging initiated
[ERROR][2026-07-13 07:17:01] /usr/share/nvim/runtime/lua/vim/net/_transport.lua:35	"transport"	"clangd"	"stderr"	"I[07:17:01.575] <-- textDocument/documentHighlight(28)\n"
[ERROR][2026-07-13 07:17:01] /usr/share/nvim/runtime/lua/vim/net/_transport.lua:35	"transport"	"clangd"	"stderr"	"I[07:17:01.576] --> reply:textDocument/documentHighlight(28) 0 ms\n"
[ERROR][2026-07-13 07:17:07] /usr/share/nvim/runtime/lua/vim/net/_transport.lua:35	"transport"	"clangd"	"stderr"	"I[07:17:07.194] <-- textDocument/documentHighlight(29)\n"
[ERROR][2026-07-13 07:17:07] /usr/share/nvim/runtime/lua/vim/net/_transport.lua:35	"transport"	"clangd"	"stderr"	"I[07:17:07.197] --> reply:textDocument/documentHighlight(29) 3 ms\n"
[ERROR][2026-07-13 07:17:09] /usr/share/nvim/runtime/lua/vim/net/_transport.lua:35	"transport"	"clangd"	"stderr"	"I[07:17:09.929] <-- textDocument/documentHighlight(30)\n"
[ERROR][2026-07-13 07:17:09] /usr/share/nvim/runtime/lua/vim/net/_transport.lua:35	"transport"	"clangd"	"stderr"	"I[07:17:09.932] --> reply:textDocument/documentHighlight(30) 3 ms\n"
[ERROR][2026-07-13 07:17:12] /usr/share/nvim/runtime/lua/vim/net/_transport.lua:35	"transport"	"clangd"	"stderr"	"I[07:17:12.299] <-- textDocument/documentHighlight(31)\n"
[ERROR][2026-07-13 07:17:12] /usr/share/nvim/runtime/lua/vim/net/_transport.lua:35	"transport"	"clangd"	"stderr"	"I[07:17:12.299] --> reply:textDocument/documentHighlight(31) 0 ms\n"
[ERROR][2026-07-13 07:17:12] /usr/share/nvim/runtime/lua/vim/net/_transport.lua:35	"transport"	"clangd"	"stderr"	"I[07:17:12.817] <-- textDocument/documentHighlight(32)\n"
[ERROR][2026-07-13 07:17:12] /usr/share/nvim/runtime/lua/vim/net/_transport.lua:35	"transport"	"clangd"	"stderr"	"I[07:17:12.821] --> reply:textDocument/documentHighlight(32) 3 ms\n"
[ERROR][2026-07-13 07:17:14] /usr/share/nvim/runtime/lua/vim/net/_transport.lua:35	"transport"	"clangd"	"stderr"	"I[07:17:14.732] <-- textDocument/documentHighlight(33)\n"
[ERROR][2026-07-13 07:17:14] /usr/share/nvim/runtime/lua/vim/net/_transport.lua:35	"transport"	"clangd"	"stderr"	"I[07:17:14.733] --> reply:textDocument/documentHighlight(33) 0 ms\n"
[ERROR][2026-07-13 07:17:15] /usr/share/nvim/runtime/lua/vim/net/_transport.lua:35	"transport"	"clangd"	"stderr"	"I[07:17:15.652] <-- textDocument/documentHighlight(34)\n"
[ERROR][2026-07-13 07:17:15] /usr/share/nvim/runtime/lua/vim/net/_transport.lua:35	"transport"	"clangd"	"stderr"	"I[07:17:15.652] --> reply:textDocument/documentHighlight(34) 0 ms\n"
[ERROR][2026-07-13 07:17:16] /usr/share/nvim/runtime/lua/vim/net/_transport.lua:35	"transport"	"clangd"	"stderr"	"I[07:17:16.318] <-- textDocument/documentHighlight(35)\n"
[ERROR][2026-07-13 07:17:16] /usr/share/nvim/runtime/lua/vim/net/_transport.lua:35	"transport"	"clangd"	"stderr"	"I[07:17:16.319] --> reply:textDocument/documentHighlight(35) 0 ms\n"
[ERROR][2026-07-13 07:17:17] /usr/share/nvim/runtime/lua/vim/net/_transport.lua:35	"transport"	"clangd"	"stderr"	"I[07:17:17.121] <-- textDocument/documentHighlight(36)\n"
[ERROR][2026-07-13 07:17:17] /usr/share/nvim/runtime/lua/vim/net/_transport.lua:35	"transport"	"clangd"	"stderr"	"I[07:17:17.122] --> reply:textDocument/documentHighlight(36) 0 ms\n"
