==29894== Memcheck, a memory error detector
==29894== Copyright (C) 2002-2026, and GNU GPL'd, by Julian Seward et al.
==29894== Using Valgrind-3.27.1-b50f9a09ca-20260520 and LibVEX; rerun with -h for copyright info
==29894== Command: ./menu
==29894== Parent PID: 29890
==29894== 
--29894-- 
--29894-- Valgrind options:
--29894--    -v
--29894--    --tool=memcheck
--29894--    --log-file=valgrind.out
--29894--    --leak-check=full
--29894--    --show-leak-kinds=definite
--29894--    --show-reachable=no
--29894--    --num-callers=30
--29894--    --leak-resolution=high
--29894--    --track-origins=yes
--29894--    --keep-debuginfo=yes
--29894--    --suppressions=valgrind.supp
--29894--    --gen-suppressions=all
--29894-- Contents of /proc/version:
--29894--   Linux version 7.0.12-1-default (geeko@buildhost) (gcc (SUSE Linux) 15.2.1 20260604, GNU ld (GNU Binutils; openSUSE Tumbleweed) 2.45.0.20251103-4) #1 SMP PREEMPT_DYNAMIC Wed Jun 10 05:12:39 UTC 2026 (8beab0b)
--29894-- 
--29894-- Arch and hwcaps: AMD64, LittleEndian, amd64-cx16-rdtscp-sse3-ssse3-avx
--29894-- Page sizes: currently 4096, max supported 4096
--29894-- Valgrind library directory: /usr/libexec/valgrind
--29894-- Reading syms from /usr/local/src/C-Menu/src/menu
--29894-- Reading syms from /usr/lib64/ld-linux-x86-64.so.2
--29894--   Considering /usr/lib/debug/.build-id/38/796fbc58be109033874b3d35b357dfb7e51b4d.debug ..
--29894--   .. build-id is valid
--29894-- Reading syms from /usr/libexec/valgrind/memcheck-amd64-linux
--29894--    object doesn't have a dynamic symbol table
--29894-- Scheduler: using generic scheduler lock implementation.
--29894-- Reading suppressions file: valgrind.supp
--29894-- Reading suppressions file: /usr/libexec/valgrind/default.supp
==29894== embedded gdbserver: reading from /tmp/vgdb-pipe-from-vgdb-to-29894-by-bill-on-bw1
==29894== embedded gdbserver: writing to   /tmp/vgdb-pipe-to-vgdb-from-29894-by-bill-on-bw1
==29894== embedded gdbserver: shared mem   /tmp/vgdb-pipe-shared-mem-vgdb-29894-by-bill-on-bw1
==29894== 
==29894== TO CONTROL THIS PROCESS USING vgdb (which you probably
==29894== don't want to do, unless you know exactly what you're doing,
==29894== or are doing some strange experiment):
==29894==   /usr/libexec/valgrind/../../bin/vgdb --pid=29894 ...command...
==29894== 
==29894== TO DEBUG THIS PROCESS USING GDB: start GDB like this
==29894==   /path/to/gdb ./menu
==29894== and then give GDB the following command
==29894==   target remote | /usr/libexec/valgrind/../../bin/vgdb --pid=29894
==29894== --pid is optional if only one valgrind process is running
==29894== 
--29894--   Considering /usr/lib/debug/.build-id/1f/c66a75adf7f2e2cdf263f6188ceca2a9441974.debug ..
--29894--   .. build-id is valid
--29894-- REDIR: 0x4028b8e (ld-linux-x86-64.so.2:strlen) redirected to 0x58240492 (vgPlain_amd64_linux_REDIR_FOR_strlen)
--29894-- REDIR: 0x40274de (ld-linux-x86-64.so.2:strcmp) redirected to 0x582404ac (vgPlain_amd64_linux_REDIR_FOR_strcmp)
--29894-- REDIR: 0x402729e (ld-linux-x86-64.so.2:index) redirected to 0x582404e5 (vgPlain_amd64_linux_REDIR_FOR_index)
--29894-- REDIR: 0x40265ce (ld-linux-x86-64.so.2:bcmp) redirected to 0x582404c7 (vgPlain_amd64_linux_REDIR_FOR_memcmp)
--29894-- Reading syms from /usr/libexec/valgrind/vgpreload_core-amd64-linux.so
--29894-- Reading syms from /usr/libexec/valgrind/vgpreload_memcheck-amd64-linux.so
==29894== WARNING: new redirection conflicts with existing -- ignoring it
--29894--     old: 0x040274de (strcmp              ) R-> (0000.0) 0x582404ac vgPlain_amd64_linux_REDIR_FOR_strcmp
--29894--   Considering /usr/lib/debug/.build-id/b6/aea3e2bb5080c490837a12c4d182b2af610dcc.debug ..
--29894--   .. build-id is valid
--29894--     new: 0x040274de (strcmp              ) R-> (2016.0) 0x04853670 strcmp
==29894== WARNING: new redirection conflicts with existing -- ignoring it
--29894--     old: 0x04028b8e (strlen              ) R-> (0000.0) 0x58240492 vgPlain_amd64_linux_REDIR_FOR_strlen
--29894--     new: 0x04028b8e (strlen              ) R-> (2007.0) 0x04852240 strlen
--29894-- REDIR: 0x40268be (ld-linux-x86-64.so.2:mempcpy) redirected to 0x4857e00 (mempcpy)
--29894-- Reading syms from /usr/local/src/C-Menu/src/libcm.so
--29894-- Reading syms from /usr/lib64/libm.so.6
--29894-- Reading syms from /usr/lib64/libpanelw.so.6.6
--29894-- Reading syms from /usr/lib64/libncursesw.so.6.6
--29894-- Reading syms from /usr/lib64/libtinfo.so.6.6
--29894-- Reading syms from /usr/lib64/libc.so.6
--29894--   Considering /usr/lib/debug/.build-id/5d/3c9a4547c620ef2ebca457c75a3109c8e12203.debug ..
--29894--   .. build-id is valid
--29894-- REDIR: 0x4028d3e (ld-linux-x86-64.so.2:strncmp) redirected to 0x4852e10 (strncmp)
--29894--   Considering /usr/lib/debug/.build-id/d6/2ce30d53f9c2a4e3ea72a833882587ca44cd85.debug ..
--29894--   .. build-id is valid
--29894-- REDIR: 0x4ad455e (libc.so.6:strnlen) redirected to 0x483e1c0 (_vgnU_ifunc_wrapper)
--29894-- REDIR: 0x4ad45ee (libc.so.6:strpbrk) redirected to 0x483e1c0 (_vgnU_ifunc_wrapper)
--29894-- REDIR: 0x4ad230e (libc.so.6:strcmp) redirected to 0x483e1c0 (_vgnU_ifunc_wrapper)
--29894-- REDIR: 0x4ae9f4e (libc.so.6:wcsnlen) redirected to 0x483e1c0 (_vgnU_ifunc_wrapper)
--29894-- REDIR: 0x4ad127e (libc.so.6:memset) redirected to 0x483e1c0 (_vgnU_ifunc_wrapper)
--29894-- REDIR: 0x4ae956e (libc.so.6:wcslen) redirected to 0x483e1c0 (_vgnU_ifunc_wrapper)
--29894-- REDIR: 0x4b4ccfe (libc.so.6:__memcpy_chk) redirected to 0x483e1c0 (_vgnU_ifunc_wrapper)
--29894-- REDIR: 0x4ad11ee (libc.so.6:memrchr) redirected to 0x483e1c0 (_vgnU_ifunc_wrapper)
--29894-- REDIR: 0x4ae9ece (libc.so.6:wcsncpy) redirected to 0x483e1c0 (_vgnU_ifunc_wrapper)
--29894-- REDIR: 0x4ad071e (libc.so.6:memcpy@@GLIBC_2.14) redirected to 0x483e1c0 (_vgnU_ifunc_wrapper)
--29894-- REDIR: 0x4ae828e (libc.so.6:wcschr) redirected to 0x483e1c0 (_vgnU_ifunc_wrapper)
--29894-- REDIR: 0x4ad21ee (libc.so.6:index) redirected to 0x483e1c0 (_vgnU_ifunc_wrapper)
--29894-- REDIR: 0x4ad462e (libc.so.6:rindex) redirected to 0x483e1c0 (_vgnU_ifunc_wrapper)
--29894-- REDIR: 0x4ae834e (libc.so.6:wcscmp) redirected to 0x483e1c0 (_vgnU_ifunc_wrapper)
--29894-- REDIR: 0x4ad154e (libc.so.6:stpncpy) redirected to 0x483e1c0 (_vgnU_ifunc_wrapper)
--29894-- REDIR: 0x4af5a4e (libc.so.6:wmemchr) redirected to 0x483e1c0 (_vgnU_ifunc_wrapper)
--29894-- REDIR: 0x4ad43de (libc.so.6:strncmp) redirected to 0x483e1c0 (_vgnU_ifunc_wrapper)
--29894-- REDIR: 0x4ad15be (libc.so.6:strcasecmp) redirected to 0x483e1c0 (_vgnU_ifunc_wrapper)
--29894-- REDIR: 0x4ad351e (libc.so.6:strcspn) redirected to 0x483e1c0 (_vgnU_ifunc_wrapper)
--29894-- REDIR: 0x4ae930e (libc.so.6:wcscpy) redirected to 0x483e1c0 (_vgnU_ifunc_wrapper)
--29894-- REDIR: 0x4ad216e (libc.so.6:strcat) redirected to 0x483e1c0 (_vgnU_ifunc_wrapper)
--29894-- REDIR: 0x4ad42be (libc.so.6:strncasecmp_l) redirected to 0x483e1c0 (_vgnU_ifunc_wrapper)
--29894-- REDIR: 0x4ad227e (libc.so.6:strchrnul) redirected to 0x483e1c0 (_vgnU_ifunc_wrapper)
--29894-- REDIR: 0x4ad060e (libc.so.6:bcmp) redirected to 0x483e1c0 (_vgnU_ifunc_wrapper)
--29894-- REDIR: 0x4ad349e (libc.so.6:strcpy) redirected to 0x483e1c0 (_vgnU_ifunc_wrapper)
--29894-- REDIR: 0x4ad166e (libc.so.6:strcasecmp_l) redirected to 0x483e1c0 (_vgnU_ifunc_wrapper)
--29894-- REDIR: 0x4ad417e (libc.so.6:strlen) redirected to 0x483e1c0 (_vgnU_ifunc_wrapper)
--29894-- REDIR: 0x4ad448e (libc.so.6:strncpy) redirected to 0x483e1c0 (_vgnU_ifunc_wrapper)
--29894-- REDIR: 0x4af5ade (libc.so.6:wmemcmp) redirected to 0x483e1c0 (_vgnU_ifunc_wrapper)
--29894-- REDIR: 0x4b4ce1e (libc.so.6:__memmove_chk) redirected to 0x483e1c0 (_vgnU_ifunc_wrapper)
==29894== WARNING: new redirection conflicts with existing -- ignoring it
--29894--     old: 0x04ad820e (__memcpy_chk_sse2_un) R-> (2030.0) 0x04857f10 __memcpy_chk
--29894--     new: 0x04ad820e (__memcpy_chk_sse2_un) R-> (2024.0) 0x048577e0 __memmove_chk
--29894-- REDIR: 0x4ad14ce (libc.so.6:stpcpy) redirected to 0x483e1c0 (_vgnU_ifunc_wrapper)
--29894-- REDIR: 0x4ad0fae (libc.so.6:memmove) redirected to 0x483e1c0 (_vgnU_ifunc_wrapper)
--29894-- REDIR: 0x4ad057e (libc.so.6:memchr) redirected to 0x483e1c0 (_vgnU_ifunc_wrapper)
--29894-- REDIR: 0x4ad485e (libc.so.6:strspn) redirected to 0x483e1c0 (_vgnU_ifunc_wrapper)
--29894-- REDIR: 0x4ae7e5e (libc.so.6:wcpncpy) redirected to 0x483e1c0 (_vgnU_ifunc_wrapper)
--29894-- REDIR: 0x4ad10ce (libc.so.6:mempcpy) redirected to 0x483e1c0 (_vgnU_ifunc_wrapper)
--29894-- REDIR: 0x4ad420e (libc.so.6:strncasecmp) redirected to 0x483e1c0 (_vgnU_ifunc_wrapper)
--29894-- REDIR: 0x4ad50fe (libc.so.6:strstr) redirected to 0x483e1c0 (_vgnU_ifunc_wrapper)
--29894-- REDIR: 0x4ae53ee (libc.so.6:__strrchr_sse2) redirected to 0x4851a20 (__strrchr_sse2)
--29894-- REDIR: 0x4acd73e (libc.so.6:calloc) redirected to 0x484fd90 (calloc)
--29894-- REDIR: 0x4bb457e (libc.so.6:__strcmp_sse42) redirected to 0x4853610 (__strcmp_sse42)
--29894-- REDIR: 0x4adf48e (libc.so.6:__strlen_sse2) redirected to 0x4852180 (__strlen_sse2)
--29894-- REDIR: 0x4bb6f8e (libc.so.6:__strncmp_sse42) redirected to 0x4852d30 (__strncmp_sse42)
--29894-- REDIR: 0x4add1ce (libc.so.6:__strchr_sse2) redirected to 0x4851ba0 (__strchr_sse2)
--29894-- REDIR: 0x4ad789e (libc.so.6:__memchr_sse2) redirected to 0x4853730 (memchr)
--29894-- REDIR: 0x4add40e (libc.so.6:__strchrnul_sse2) redirected to 0x4857880 (strchrnul)
--29894-- REDIR: 0x4acc8ee (libc.so.6:malloc) redirected to 0x48487e0 (malloc)
--29894-- REDIR: 0x4ad81ee (libc.so.6:__mempcpy_sse2_unaligned) redirected to 0x48579c0 (mempcpy)
--29894-- REDIR: 0x4ad822e (libc.so.6:memcpy@GLIBC_2.2.5) redirected to 0x48537e0 (memcpy@GLIBC_2.2.5)
--29894-- REDIR: 0x4acce4e (libc.so.6:free) redirected to 0x484b850 (free)
--29894-- REDIR: 0x4acd0fe (libc.so.6:realloc) redirected to 0x4850000 (realloc)
--29894-- REDIR: 0x4bb2d2e (libc.so.6:__strcasecmp_l_sse42) redirected to 0x4853100 (strcasecmp_l)
--29894-- REDIR: 0x4ad820e (libc.so.6:__memcpy_chk_sse2_unaligned) redirected to 0x4857f10 (__memcpy_chk)
--29894-- REDIR: 0x4ad907e (libc.so.6:__stpcpy_sse2_unaligned) redirected to 0x4856470 (__stpcpy_sse2_unaligned)
--29894-- REDIR: 0x4ae51be (libc.so.6:__strnlen_sse2) redirected to 0x48520c0 (strnlen)
--29894-- REDIR: 0x4ae569e (libc.so.6:__strstr_sse2_unaligned) redirected to 0x4857f80 (strstr)
--29894--   Considering /usr/lib/debug/.build-id/6d/993ed295e988ea4855fe7a6656ed57d0a8f2be.debug ..
--29894--   .. build-id is valid
--29894--   Considering /usr/lib/debug/.build-id/04/a1f49de1f73008a3c5de8b79e9e20556e6303a.debug ..
--29894--   .. build-id is valid
--29894-- REDIR: 0x4ad410e (libc.so.6:strlcpy) redirected to 0x4852aa0 (strlcpy)
--29894-- REDIR: 0x4ad8c0e (libc.so.6:__memset_sse2_unaligned_erms) redirected to 0x4856980 (memset)
--29894--   Considering /usr/lib/debug/.build-id/7a/cf74a10ccd027847ad38b863750268edb99847.debug ..
--29894--   .. build-id is valid
--29894-- REDIR: 0x4bb854e (libc.so.6:__wcslen_sse4_1) redirected to 0x48583b0 (wcslen)
--29894-- REDIR: 0x4bb80de (libc.so.6:__strspn_sse42) redirected to 0x4858260 (strspn)
--29894-- REDIR: 0x4bb534e (libc.so.6:__strcspn_sse42) redirected to 0x4858160 (strcspn)
==29894== 
==29894== HEAP SUMMARY:
==29894==     in use at exit: 758 bytes in 7 blocks
==29894==   total heap usage: 1,404 allocs, 1,397 frees, 3,281,012 bytes allocated
==29894== 
==29894== Searching for pointers to 7 not-freed blocks
==29894== Checked 221,960 bytes
==29894== 
==29894== LEAK SUMMARY:
==29894==    definitely lost: 0 bytes in 0 blocks
==29894==    indirectly lost: 0 bytes in 0 blocks
==29894==      possibly lost: 0 bytes in 0 blocks
==29894==    still reachable: 0 bytes in 0 blocks
==29894==         suppressed: 758 bytes in 7 blocks
==29894== 
==29894== ERROR SUMMARY: 0 errors from 0 contexts (suppressed: 0 from 0)
--29894-- 
--29894-- used_suppression:      1 ncurses_acs_map valgrind.supp:79 suppressed: 512 bytes in 1 blocks
--29894-- used_suppression:      1 ncurses_first_db_malloc valgrind.supp:64 suppressed: 103 bytes in 1 blocks
--29894-- used_suppression:      1 ncurses_first_db_calloc valgrind.supp:50 suppressed: 48 bytes in 1 blocks
--29894-- used_suppression:      1 ncurses_new_panel2 valgrind.supp:22 suppressed: 32 bytes in 1 blocks
--29894-- used_suppression:      1 ncurses_new_panel valgrind.supp:12 suppressed: 32 bytes in 1 blocks
--29894-- used_suppression:      2 ncurses_update_getenv_term valgrind.supp:33 suppressed: 31 bytes in 2 blocks
==29894== 
==29894== ERROR SUMMARY: 0 errors from 0 contexts (suppressed: 0 from 0)
